[15:41:57] [main/INFO]: Environment: authHost='https://authserver.mojang.com', accountsHost='https://api.mojang.com', sessionHost='https://sessionserver.mojang.com', servicesHost='https://api.minecraftservices.com', name='PROD'
[15:41:58] [main/INFO]: Reloading ResourceManager: Default, bukkit
[15:41:58] [Worker-Main-2/INFO]: Loaded 7 recipes
[15:41:59] [Server thread/INFO]: Starting minecraft server version 1.16.5
[15:41:59] [Server thread/INFO]: Loading properties
[15:42:00] [Server thread/INFO]: This server is running Paper version git-Paper-526 (MC: 1.16.5) (Implementing API version 1.16.5-R0.1-SNAPSHOT)
[15:42:00] [Server thread/INFO]: Debug logging is disabled
[15:42:00] [Server thread/INFO]: Server Ping Player Sample Count: 12
[15:42:00] [Server thread/INFO]: Using 4 threads for Netty based IO
[15:42:00] [Server thread/INFO]: Default game type: SURVIVAL
[15:42:00] [Server thread/INFO]: Generating keypair
[15:42:00] [Server thread/INFO]: Starting Minecraft server on *:25565
[15:42:00] [Server thread/INFO]: Using epoll channel type
[15:42:00] [Server thread/INFO]: Server permissions file permissions.yml is empty, ignoring it
[15:42:00] [Server thread/INFO]: Preparing level "world"
[15:42:00] [Server thread/INFO]: Preparing start region for dimension minecraft:overworld
[15:42:00] [Server thread/INFO]: Loaded 0 spawn chunks for world world
[15:42:00] [Server thread/INFO]: Preparing spawn area: 0%
[15:42:00] [Server thread/INFO]: Time elapsed: 280 ms
[15:42:00] [Server thread/INFO]: Preparing start region for dimension minecraft:the_nether
[15:42:01] [Server thread/INFO]: Loaded 0 spawn chunks for world world_nether
[15:42:01] [Server thread/INFO]: Time elapsed: 198 ms
[15:42:01] [Server thread/INFO]: Preparing start region for dimension minecraft:the_end
[15:42:01] [Server thread/INFO]: Loaded 0 spawn chunks for world world_the_end
[15:42:01] [Server thread/INFO]: Time elapsed: 111 ms
[15:42:01] [Server thread/INFO]: Running delayed init tasks
[15:42:01] [Server thread/INFO]: Done (1.509s)! For help, type "help"
[15:42:01] [Server thread/INFO]: Timings Reset
[15:42:47] [User Authenticator #1/INFO]: UUID of player Jubzinho is b2e27d92-16c3-4d5c-ab63-6a2e033682f2
[15:42:47] [Server thread/INFO]: Jubzinho joined the game
[15:42:47] [Server thread/INFO]: Jubzinho[/0:0:0:0:0:0:0:1%0:48850] logged in with entity id 86 at ([world_nether]259.35158234501205, 70.0, 313.0371743102996)
[15:43:02] [Server thread/INFO]: Jubzinho issued server command: /tp nekkan
[15:47:29] [Server thread/INFO]: Unknown command. Type "/help" for help.
[15:47:30] [Server thread/INFO]: Plugins (0): 
[15:47:33] [Server thread/INFO]: [Server] jubs veado!
[15:47:43] [Server thread/INFO]: [Server] ja entro vo pega coca
[15:47:55] [Async Chat Thread - #0/INFO]: <Jubzinho> sexo
[15:50:19] [User Authenticator #2/INFO]: UUID of player nekkan is b6bde4e3-2d36-441e-a915-ef0c2cef1e0e
[15:50:19] [Server thread/INFO]: nekkan joined the game
[15:50:19] [Server thread/INFO]: nekkan[/0:0:0:0:0:0:0:1%0:50496] logged in with entity id 787 at ([world]90.4028248712586, 63.0, 465.92465797086487)
[15:50:23] [Server thread/INFO]: Jubzinho issued server command: /tp nekkan
[15:50:23] [Server thread/INFO]: [Jubzinho: Teleported Jubzinho to nekkan]
[15:50:27] [Async Chat Thread - #1/INFO]: <nekkan> to saindo
[15:50:29] [Async Chat Thread - #1/INFO]: <nekkan> da ilha
[15:50:30] [Async Chat Thread - #1/INFO]: <Jubzinho> nekkan
[15:50:33] [Async Chat Thread - #1/INFO]: <nekkan> q
[15:50:34] [Server thread/INFO]: Jubzinho issued server command: /tp nekkan
[15:50:34] [Server thread/INFO]: [Jubzinho: Teleported Jubzinho to nekkan]
[15:50:39] [Async Chat Thread - #1/INFO]: <Jubzinho> q q isso?
[15:50:43] [Async Chat Thread - #1/INFO]: <nekkan> to saindo
[15:50:43] [Async Chat Thread - #1/INFO]: <nekkan> da ilha
[15:50:45] [Async Chat Thread - #1/INFO]: <nekkan> eu disse
[15:50:47] [Async Chat Thread - #1/INFO]: <nekkan> eh cheio de lava
[15:50:47] [Async Chat Thread - #1/INFO]: <nekkan> fora dela
[15:50:48] [Async Chat Thread - #1/INFO]: <Jubzinho> mds
[15:51:08] [Async Chat Thread - #1/INFO]: <Jubzinho> pera
[15:51:10] [Async Chat Thread - #1/INFO]: <Jubzinho> ja voolto
[15:51:14] [Async Chat Thread - #1/INFO]: <Jubzinho> volto
[15:52:07] [Async Chat Thread - #1/INFO]: <Jubzinho> a
[15:52:24] [Async Chat Thread - #1/INFO]: <Jubzinho> nekkan
[15:52:25] [Async Chat Thread - #1/INFO]: <Jubzinho> pera
[15:52:29] [Async Chat Thread - #1/INFO]: <Jubzinho> tu zerou o jogo?
[15:52:31] [Async Chat Thread - #1/INFO]: <nekkan> n
[15:52:37] [Async Chat Thread - #1/INFO]: <Jubzinho> aa
[15:52:43] [Async Chat Thread - #1/INFO]: <nekkan> to com as perola aq
[15:52:46] [Async Chat Thread - #1/INFO]: <nekkan> 14
[15:52:58] [Async Chat Thread - #1/INFO]: <Jubzinho> ata
[15:53:23] [Server thread/INFO]: nekkan issued server command: /locate stronghold
[15:53:27] [Async Chat Thread - #1/INFO]: <nekkan> vem
[15:53:39] [Async Chat Thread - #1/INFO]: <Jubzinho> md
[15:53:42] [Server thread/INFO]: Jubzinho issued server command: /tp nekkan
[15:53:42] [Server thread/INFO]: [Jubzinho: Teleported Jubzinho to nekkan]
[15:53:52] [Async Chat Thread - #1/INFO]: <Jubzinho> pera
[15:53:57] [Async Chat Thread - #1/INFO]: <Jubzinho> pera dnv
[15:54:13] [Server thread/INFO]: nekkan issued server command: /locate stronghold
[15:54:17] [Async Chat Thread - #1/INFO]: <Jubzinho> vortei
[15:54:17] [Server thread/INFO]: nekkan issued server command: /tp Jubzinho
[15:54:17] [Server thread/INFO]: [nekkan: Teleported nekkan to Jubzinho]
[15:54:18] [Server thread/INFO]: Jubzinho issued server command: /tp nekkan
[15:54:18] [Server thread/INFO]: [Jubzinho: Teleported Jubzinho to nekkan]
[15:54:57] [Async Chat Thread - #1/INFO]: <Jubzinho> nekkan eu to com lag
[15:55:04] [Server thread/WARN]: Jubzinho was kicked for floating too long!
[15:55:04] [Server thread/INFO]: Jubzinho lost connection: Flying is not enabled on this server
[15:55:04] [Server thread/INFO]: Jubzinho left the game
[15:55:05] [Async Chat Thread - #1/INFO]: <nekkan> f
[15:55:17] [User Authenticator #3/INFO]: UUID of player Jubzinho is b2e27d92-16c3-4d5c-ab63-6a2e033682f2
[15:55:17] [Server thread/INFO]: Jubzinho joined the game
[15:55:17] [Server thread/INFO]: Jubzinho[/0:0:0:0:0:0:0:1%0:41530] logged in with entity id 2173 at ([world]-32.09681175168675, 76.92293597758626, 772.5247233043513)
[15:55:43] [Server thread/INFO]: Jubzinho issued server command: /tp nekkan
[15:55:43] [Server thread/INFO]: [Jubzinho: Teleported Jubzinho to nekkan]
[15:55:56] [Async Chat Thread - #1/INFO]: <Jubzinho> kd tu?
[15:55:56] [Async Chat Thread - #2/INFO]: <Jubzinho> ata
[15:56:26] [Server thread/INFO]: Jubzinho issued server command: /tp nekkan
[15:56:26] [Server thread/INFO]: [Jubzinho: Teleported Jubzinho to nekkan]
[15:58:03] [Server thread/INFO]: Jubzinho issued server command: /tp nekkan
[15:58:03] [Server thread/INFO]: [Jubzinho: Teleported Jubzinho to nekkan]
[15:58:46] [Server thread/INFO]: Jubzinho issued server command: /tp nekkan
[15:58:46] [Server thread/INFO]: [Jubzinho: Teleported Jubzinho to nekkan]
[15:59:54] [Async Chat Thread - #3/INFO]: <nekkan> vila
[15:59:57] [Async Chat Thread - #3/INFO]: <Jubzinho> dale
[16:00:06] [Server thread/INFO]: nekkan issued server command: /save-all
[16:00:07] [Server thread/INFO]: [nekkan: Saved the game]
[16:00:07] [Server thread/INFO]: Jubzinho issued server command: /tp nekkan
[16:00:07] [Server thread/INFO]: [Jubzinho: Teleported Jubzinho to nekkan]
[16:00:14] [Server thread/WARN]: Jubzinho was kicked for floating too long!
[16:00:14] [Server thread/INFO]: Jubzinho lost connection: Flying is not enabled on this server
[16:00:14] [Server thread/INFO]: Jubzinho left the game
[16:00:28] [User Authenticator #4/INFO]: UUID of player Jubzinho is b2e27d92-16c3-4d5c-ab63-6a2e033682f2
[16:00:28] [Server thread/INFO]: Jubzinho joined the game
[16:00:28] [Server thread/INFO]: Jubzinho[/0:0:0:0:0:0:0:1%0:34588] logged in with entity id 4546 at ([world]-744.6905264774495, 66.44903458950262, 1008.918622880035)
[16:00:34] [Async Chat Thread - #3/INFO]: <Jubzinho> mano
[16:00:38] [Async Chat Thread - #3/INFO]: <Jubzinho> q porra de flyun
[16:00:40] [Server thread/INFO]: Jubzinho was shot by Skeleton
[16:00:41] [Async Chat Thread - #3/INFO]: <nekkan> asdkasdjoaçmd
[16:00:43] [Async Chat Thread - #3/INFO]: <nekkan> f
[16:00:55] [Server thread/INFO]: Jubzinho issued server command: /tp nekkan
[16:00:55] [Server thread/INFO]: [Jubzinho: Teleported Jubzinho to nekkan]
[16:01:11] [Async Chat Thread - #3/INFO]: <Jubzinho> a n nekkan
[16:01:15] [Async Chat Thread - #3/INFO]: <Jubzinho> de onde a gente veio?
[16:01:20] [Async Chat Thread - #3/INFO]: <nekkan> dali
[16:01:30] [Async Chat Thread - #3/INFO]: <nekkan> aq
[16:01:35] [Async Chat Thread - #3/INFO]: <nekkan> achei
[16:01:53] [Async Chat Thread - #3/INFO]: <Jubzinho> nekkan
[16:01:54] [Async Chat Thread - #3/INFO]: <Jubzinho> n a
[16:01:56] [Async Chat Thread - #3/INFO]: <Jubzinho> n da
[16:01:57] [Async Chat Thread - #3/INFO]: <nekkan> k
[16:01:58] [Async Chat Thread - #3/INFO]: <Jubzinho> ta mt lagh
[16:02:02] [Server thread/INFO]: Jubzinho was slain by Zombie
[16:02:02] [Async Chat Thread - #3/INFO]: <Jubzinho> qnd eu consertar eu volto ok?
[16:02:02] [Async Chat Thread - #3/INFO]: <nekkan> f
[16:02:07] [Async Chat Thread - #3/INFO]: <nekkan> ok vo fecha nt
[16:02:15] [Async Chat Thread - #3/INFO]: <Jubzinho> VSFD PORRA CARALHO BUNDA SEXO CU ROLA
[16:02:18] [Async Chat Thread - #3/INFO]: <Jubzinho> DE ZUMBI
[16:02:21] [Async Chat Thread - #3/INFO]: <nekkan> pera
[16:02:22] [Async Chat Thread - #3/INFO]: <nekkan> vou trocar
[16:02:22] [Server thread/INFO]: Jubzinho issued server command: /tp nekkan
[16:02:22] [Server thread/INFO]: [Jubzinho: Teleported Jubzinho to nekkan]
[16:02:23] [Async Chat Thread - #3/INFO]: <nekkan> a regiao
[16:02:24] [Async Chat Thread - #3/INFO]: <nekkan> pra ver
[16:02:26] [Async Chat Thread - #3/INFO]: <nekkan> se arruma pra ti
[16:02:34] [Async Chat Thread - #3/INFO]: <Jubzinho> mds nekkan q lag da porra
[16:02:43] [Server thread/INFO]: nekkan has made the advancement [Sweet Dreams]
[16:02:47] [Async Chat Thread - #3/INFO]: <nekkan> dorme
[16:02:53] [Server thread/INFO]: Jubzinho has made the advancement [Sweet Dreams]
[16:02:59] [Async Chat Thread - #3/INFO]: <nekkan> olha dc
[16:03:01] [Async Chat Thread - #3/INFO]: <nekkan> vo mana o ip novo
[16:03:05] [Server thread/INFO]: nekkan lost connection: Disconnected
[16:03:05] [Server thread/INFO]: nekkan left the game
[16:03:05] [Server thread/INFO]: Jubzinho lost connection: Disconnected
[16:03:05] [Server thread/INFO]: Jubzinho left the game
[16:03:19] [User Authenticator #5/INFO]: UUID of player nekkan is b6bde4e3-2d36-441e-a915-ef0c2cef1e0e
[16:03:19] [Server thread/INFO]: nekkan joined the game
[16:03:19] [Server thread/INFO]: nekkan[/0:0:0:0:0:0:0:1%0:45318] logged in with entity id 5349 at ([world]-790.5, 65.0, 1083.5)
[16:05:23] [Server thread/INFO]: nekkan issued server command: /locate stronghold
[16:07:16] [Server thread/INFO]: nekkan issued server command: /give nekkan blaze_rod
[16:07:16] [Server thread/INFO]: [nekkan: Gave 1 [Blaze Rod] to nekkan]
[16:07:29] [Server thread/INFO]: nekkan has made the advancement [Eye Spy]
[16:07:42] [Server thread/INFO]: nekkan issued server command: /summon minecraft:enderman
[16:07:42] [Server thread/INFO]: [nekkan: Summoned new Enderman]
[16:07:55] [Server thread/INFO]: nekkan issued server command: /give nekkan ender_pearl
[16:07:55] [Server thread/INFO]: [nekkan: Gave 1 [Ender Pearl] to nekkan]
[16:08:02] [Server thread/INFO]: nekkan issued server command: /gamemode spectator
[16:08:02] [Server thread/INFO]: [nekkan: Set own game mode to Spectator Mode]
[16:08:09] [Server thread/INFO]: nekkan issued server command: /gamemode survival
[16:08:09] [Server thread/INFO]: [nekkan: Set own game mode to Survival Mode]
[16:09:48] [Server thread/INFO]: nekkan issued server command: /save-all
[16:09:49] [Server thread/INFO]: [nekkan: Saved the game]
[16:13:07] [Server thread/INFO]: nekkan issued server command: /stopç
[16:13:08] [Server thread/INFO]: nekkan issued server command: /stop
[16:13:08] [Server thread/INFO]: [nekkan: Stopping the server]
[16:13:08] [Server thread/INFO]: Stopping server
[16:13:08] [Server thread/INFO]: Saving players
[16:13:08] [Server thread/INFO]: nekkan lost connection: Server closed
[16:13:08] [Server thread/INFO]: nekkan left the game
[16:13:08] [Server thread/INFO]: Saving worlds
[16:13:08] [Server thread/INFO]: Saving chunks for level 'ServerLevel[world]'/minecraft:overworld
[16:13:09] [Server thread/INFO]: ThreadedAnvilChunkStorage (world): All chunks are saved
[16:13:09] [Server thread/INFO]: Saving chunks for level 'ServerLevel[world_nether]'/minecraft:the_nether
[16:13:09] [Server thread/INFO]: ThreadedAnvilChunkStorage (DIM-1): All chunks are saved
[16:13:09] [Server thread/INFO]: Saving chunks for level 'ServerLevel[world_the_end]'/minecraft:the_end
[16:13:09] [Server thread/INFO]: ThreadedAnvilChunkStorage (DIM1): All chunks are saved
[16:13:09] [Server thread/INFO]: ThreadedAnvilChunkStorage (world): All chunks are saved
[16:13:09] [Server thread/INFO]: ThreadedAnvilChunkStorage (DIM-1): All chunks are saved
[16:13:09] [Server thread/INFO]: ThreadedAnvilChunkStorage (DIM1): All chunks are saved
[16:13:09] [Server thread/INFO]: Flushing Chunk IO
[16:13:09] [Server thread/INFO]: Closing Thread Pool
[16:13:09] [Server thread/INFO]: Closing Server
